<?xml version="1.0" encoding="UTF-8"?>
<!-- Generated by org.testng.reporters.JUnitReportReporter -->
<testsuite hostname="TYSS-Chandana" failures="0" tests="3" name="helperAttribute.LearningPriority" time="0.012" errors="0" timestamp="2024-07-08T08:30:19 IST" skipped="0">
  <testcase classname="helperAttribute.LearningPriority" name="login" time="0.007"/>
  <system-out>
user has logined the appln  </system-out>
  <testcase classname="helperAttribute.LearningPriority" name="addCart" time="0.002"/>
  <system-out>
user has added a product to cart  </system-out>
  <testcase classname="helperAttribute.LearningPriority" name="logout" time="0.003"/>
  <system-out>
user has logout the appln  </system-out>
</testsuite> <!-- helperAttribute.LearningPriority -->
