<?xml version="1.0" encoding="UTF-8"?>
<!-- Generated by org.testng.reporters.JUnitReportReporter -->
<testsuite hostname="TYSS-Chandana" failures="0" tests="2" name="testNgTopic.DataProviderProgram" time="0.008" errors="0" timestamp="2024-07-13T07:41:37 IST" skipped="0">
  <testcase classname="testNgTopic.DataProviderProgram" name="details" time="0.007"/>
  <system-out>
bhagyashree A+ bhagyashree@gmail.com  </system-out>
  <testcase classname="testNgTopic.DataProviderProgram" name="details" time="0.001"/>
  <system-out>
anurag O+ anurag@gmail.com  </system-out>
</testsuite> <!-- testNgTopic.DataProviderProgram -->
