<?xml version="1.0" encoding="UTF-8"?>
<!-- Generated by org.testng.reporters.JUnitReportReporter -->
<testsuite hostname="TYSS-Chandana" failures="0" tests="1" name="script_Vtiger.Script6" time="38.799" errors="0" timestamp="2024-07-11T08:24:48 IST" skipped="0">
  <testcase classname="script_Vtiger.Script6" name="script6" time="38.799"/>
  <system-out/>
</testsuite> <!-- script_Vtiger.Script6 -->
