<?xml version="1.0" encoding="UTF-8"?>
<!-- Generated by org.testng.reporters.JUnitReportReporter -->
<testsuite hostname="TYSS-Chandana" failures="0" tests="1" name="script_Vtiger.Script2" time="23.192" errors="0" timestamp="2024-07-17T08:29:41 IST" skipped="0">
  <testcase classname="script_Vtiger.Script2" name="script2" time="23.192"/>
  <system-out>
test execution statred test script passed  </system-out>
</testsuite> <!-- script_Vtiger.Script2 -->
