<?xml version="1.0" encoding="UTF-8"?>
<!-- Generated by org.testng.reporters.JUnitReportReporter -->
<testsuite hostname="TYSS-Chandana" failures="0" tests="1" name="testNgTopic.LearningCrossBrowser" time="4.041" errors="0" timestamp="2024-07-12T08:13:34 IST" skipped="0">
  <testcase classname="testNgTopic.LearningCrossBrowser" name="script" time="4.041"/>
  <system-out/>
</testsuite> <!-- testNgTopic.LearningCrossBrowser -->
