<?xml version="1.0" encoding="UTF-8"?>
<!-- Generated by org.testng.reporters.JUnitReportReporter -->
<testsuite hostname="TYSS-Chandana" failures="0" tests="3" name="helperAttribute.LearningInvocationCount" time="25.445" errors="0" timestamp="2024-07-08T08:51:51 IST" skipped="0">
  <testcase classname="helperAttribute.LearningInvocationCount" name="script" time="5.670"/>
  <system-out/>
  <testcase classname="helperAttribute.LearningInvocationCount" name="script" time="14.177"/>
  <system-out/>
  <testcase classname="helperAttribute.LearningInvocationCount" name="script" time="5.598"/>
  <system-out/>
</testsuite> <!-- helperAttribute.LearningInvocationCount -->
