<?xml version="1.0" encoding="UTF-8"?>
<!-- Generated by org.testng.reporters.JUnitReportReporter -->
<testsuite hostname="TYSS-Chandana" failures="0" tests="1" name="script_Vtiger.Script3" time="10.114" errors="0" timestamp="2024-07-11T08:55:32 IST" skipped="0">
  <testcase classname="script_Vtiger.Script3" name="script3" time="10.114"/>
  <system-out/>
</testsuite> <!-- script_Vtiger.Script3 -->
