<?xml version="1.0" encoding="UTF-8"?>
<!-- Generated by org.testng.reporters.JUnitReportReporter -->
<testsuite hostname="TYSS-Chandana" failures="0" tests="1" name="script_Vtiger.Script1_Test" time="30.019" errors="0" timestamp="2024-07-18T07:35:48 IST" skipped="0">
  <testcase classname="script_Vtiger.Script1_Test" name="script1" time="30.019"/>
  <system-out>
test execution statred test script passed  </system-out>
</testsuite> <!-- script_Vtiger.Script1_Test -->
