<?xml version="1.0" encoding="UTF-8"?>
<!-- Generated by org.testng.reporters.JUnitReportReporter -->
<testsuite hostname="TYSS-Chandana" failures="0" tests="1" name="script_Vtiger.Script5" time="40.536" errors="0" timestamp="2024-07-11T08:24:48 IST" skipped="0">
  <testcase classname="script_Vtiger.Script5" name="script5" time="40.536"/>
  <system-out/>
</testsuite> <!-- script_Vtiger.Script5 -->
