<?xml version="1.0" encoding="UTF-8"?>
<!-- Generated by org.testng.reporters.JUnitReportReporter -->
<testsuite hostname="TYSS-Chandana" failures="0" tests="3" name="testNgTopic.MultipleDataProvider" time="56.963" errors="0" timestamp="2024-07-13T08:29:21 IST" skipped="0">
  <testcase classname="testNgTopic.MultipleDataProvider" name="details" time="13.550"/>
  <system-out/>
  <testcase classname="testNgTopic.MultipleDataProvider" name="details" time="13.839"/>
  <system-out/>
  <testcase classname="testNgTopic.MultipleDataProvider" name="details" time="29.574"/>
  <system-out/>
</testsuite> <!-- testNgTopic.MultipleDataProvider -->
