<?xml version="1.0" encoding="UTF-8"?>
<!-- Generated by org.testng.reporters.JUnitReportReporter -->
<testsuite hostname="TYSS-Chandana" failures="0" tests="1" name="testNgTopic.Demo" time="0.008" errors="0" timestamp="2024-07-08T08:03:50 IST" skipped="0">
  <testcase classname="testNgTopic.Demo" name="launch" time="0.008"/>
  <system-out>
testNG  </system-out>
</testsuite> <!-- testNgTopic.Demo -->
