<?xml version="1.0" encoding="UTF-8"?>
<!-- Generated by org.testng.reporters.JUnitReportReporter -->
<testsuite hostname="TYSS-Chandana" failures="0" tests="3" name="helperAttribute.LearningThreadPoolSize" time="28.233" errors="0" timestamp="2024-07-09T07:39:42 IST" skipped="0">
  <testcase classname="helperAttribute.LearningThreadPoolSize" name="threadpoolsize" time="7.051"/>
  <system-out/>
  <testcase classname="helperAttribute.LearningThreadPoolSize" name="threadpoolsize" time="9.753"/>
  <system-out/>
  <testcase classname="helperAttribute.LearningThreadPoolSize" name="threadpoolsize" time="11.429"/>
  <system-out/>
</testsuite> <!-- helperAttribute.LearningThreadPoolSize -->
